Using pre-set license
Built from '2021.3/staging' branch; Version is '2021.3.5f1 (40eb3a945986) revision 4254522'; Using compiler version '192829333'; Build Type 'Release'
OS: 'Windows 10  (10.0.19043) 64bit CoreSingleLanguage' Language: 'ru' Physical Memory: 6018 MB
BatchMode: 1, IsHumanControllingUs: 0, StartBugReporterOnCrash: 0, Is64bit: 1, IsPro: 1

COMMAND LINE ARGUMENTS:
D:\Игры\Unity 2021.3.5f1\Editor\Unity.exe
-adb2
-batchMode
-noUpm
-name
AssetImportWorker0
-projectPath
C:/Users/lllen/OneDrive/Документы/юдицкий илья/LESSON2
-logFile
Logs/AssetImportWorker0.log
-srvPort
54872
Successfully changed project path to: C:/Users/lllen/OneDrive/Документы/юдицкий илья/LESSON2
C:/Users/lllen/OneDrive/Документы/юдицкий илья/LESSON2
[UnityMemory] Configuration Parameters - Can be set up in boot.config
    "memorysetup-bucket-allocator-granularity=16"
    "memorysetup-bucket-allocator-bucket-count=8"
    "memorysetup-bucket-allocator-block-size=33554432"
    "memorysetup-bucket-allocator-block-count=8"
    "memorysetup-main-allocator-block-size=16777216"
    "memorysetup-thread-allocator-block-size=16777216"
    "memorysetup-gfx-main-allocator-block-size=16777216"
    "memorysetup-gfx-thread-allocator-block-size=16777216"
    "memorysetup-cache-allocator-block-size=4194304"
    "memorysetup-typetree-allocator-block-size=2097152"
    "memorysetup-profiler-bucket-allocator-granularity=16"
    "memorysetup-profiler-bucket-allocator-bucket-count=8"
    "memorysetup-profiler-bucket-allocator-block-size=33554432"
    "memorysetup-profiler-bucket-allocator-block-count=8"
    "memorysetup-profiler-allocator-block-size=16777216"
    "memorysetup-profiler-editor-allocator-block-size=1048576"
    "memorysetup-temp-allocator-size-main=16777216"
    "memorysetup-job-temp-allocator-block-size=2097152"
    "memorysetup-job-temp-allocator-block-size-background=1048576"
    "memorysetup-job-temp-allocator-reduction-small-platforms=262144"
    "memorysetup-temp-allocator-size-background-worker=32768"
    "memorysetup-temp-allocator-size-job-worker=262144"
    "memorysetup-temp-allocator-size-preload-manager=33554432"
    "memorysetup-temp-allocator-size-nav-mesh-worker=65536"
    "memorysetup-temp-allocator-size-audio-worker=65536"
    "memorysetup-temp-allocator-size-cloud-worker=32768"
    "memorysetup-temp-allocator-size-gi-baking-worker=262144"
    "memorysetup-temp-allocator-size-gfx=262144"
Refreshing native plugins compatible for Editor in 247.86 ms, found 3 plugins.
Preloading 0 native plugins for Editor in 0.00 ms.
Initialize engine version: 2021.3.5f1 (40eb3a945986)
[Subsystems] Discovering subsystems at path D:/Игры/Unity 2021.3.5f1/Editor/Data/Resources/UnitySubsystems
[Subsystems] Discovering subsystems at path C:/Users/lllen/OneDrive/Документы/юдицкий илья/LESSON2/Assets
GfxDevice: creating device client; threaded=0; jobified=0
Direct3D:
    Version:  Direct3D 11.0 [level 11.1]
    Renderer: NVIDIA GeForce MX150 (ID=0x1d10)
    Vendor:   NVIDIA
    VRAM:     1983 MB
    Driver:   30.0.15.1215
Initialize mono
Mono path[0] = 'D:/Игры/Unity 2021.3.5f1/Editor/Data/Managed'
Mono path[1] = 'D:/Игры/Unity 2021.3.5f1/Editor/Data/MonoBleedingEdge/lib/mono/unityjit-win32'
Mono config path = 'D:/Игры/Unity 2021.3.5f1/Editor/Data/MonoBleedingEdge/etc'
Using monoOptions --debugger-agent=transport=dt_socket,embedding=1,server=y,suspend=n,address=127.0.0.1:56964
Begin MonoManager ReloadAssembly
Registering precompiled unity dll's ...
Register platform support module: D:/Игры/Unity 2021.3.5f1/Editor/Data/PlaybackEngines/WindowsStandaloneSupport/UnityEditor.WindowsStandalone.Extensions.dll
Registered in 0.094210 seconds.
Native extension for WindowsStandalone target not found
Refreshing native plugins compatible for Editor in 110.48 ms, found 3 plugins.
Preloading 0 native plugins for Editor in 0.00 ms.
Mono: successfully reloaded assembly
- Completed reload, in  1.540 seconds
Domain Reload Profiling:
	ReloadAssembly (1541ms)
		BeginReloadAssembly (557ms)
			ExecutionOrderSort (0ms)
			DisableScriptedObjects (0ms)
			BackupInstance (0ms)
			ReleaseScriptingObjects (0ms)
			CreateAndSetChildDomain (1ms)
		EndReloadAssembly (692ms)
			LoadAssemblies (549ms)
			RebuildTransferFunctionScriptingTraits (1ms)
			SetupTypeCache (164ms)
			ReleaseScriptCaches (0ms)
			RebuildScriptCaches (47ms)
			SetupLoadedEditorAssemblies (388ms)
				LogAssemblyErrors (0ms)
				InitializePlatformSupportModulesInManaged (12ms)
				SetLoadedEditorAssemblies (0ms)
				RefreshPlugins (111ms)
				BeforeProcessingInitializeOnLoad (1ms)
				ProcessInitializeOnLoadAttributes (209ms)
				ProcessInitializeOnLoadMethodAttributes (56ms)
				AfterProcessingInitializeOnLoad (0ms)
				EditorAssembliesLoaded (0ms)
			ExecutionOrderSort2 (0ms)
			AwakeInstancesAfterBackupRestoration (0ms)
Platform modules already initialized, skipping
Registering precompiled user dll's ...
Registered in 0.017604 seconds.
Begin MonoManager ReloadAssembly
Symbol file LoadedFromMemory doesn't match image C:\Users\lllen\OneDrive\Документы\юдицкий илья\LESSON2\Library\PackageCache\com.unity.visualscripting@1.7.8\Editor\VisualScripting.Core\Dependencies\YamlDotNet\Unity.VisualScripting.YamlDotNet.dll
Symbol file LoadedFromMemory doesn't match image C:\Users\lllen\OneDrive\Документы\юдицкий илья\LESSON2\Library\PackageCache\com.unity.visualscripting@1.7.8\Editor\VisualScripting.Core\Dependencies\DotNetZip\Unity.VisualScripting.IonicZip.dll
Native extension for WindowsStandalone target not found
Refreshing native plugins compatible for Editor in 0.59 ms, found 3 plugins.
Preloading 0 native plugins for Editor in 0.00 ms.
Mono: successfully reloaded assembly
- Completed reload, in  2.480 seconds
Domain Reload Profiling:
	ReloadAssembly (2481ms)
		BeginReloadAssembly (313ms)
			ExecutionOrderSort (0ms)
			DisableScriptedObjects (20ms)
			BackupInstance (0ms)
			ReleaseScriptingObjects (0ms)
			CreateAndSetChildDomain (40ms)
		EndReloadAssembly (1831ms)
			LoadAssemblies (406ms)
			RebuildTransferFunctionScriptingTraits (0ms)
			SetupTypeCache (796ms)
			ReleaseScriptCaches (1ms)
			RebuildScriptCaches (59ms)
			SetupLoadedEditorAssemblies (572ms)
				LogAssemblyErrors (0ms)
				InitializePlatformSupportModulesInManaged (7ms)
				SetLoadedEditorAssemblies (1ms)
				RefreshPlugins (1ms)
				BeforeProcessingInitializeOnLoad (139ms)
				ProcessInitializeOnLoadAttributes (308ms)
				ProcessInitializeOnLoadMethodAttributes (102ms)
				AfterProcessingInitializeOnLoad (14ms)
				EditorAssembliesLoaded (0ms)
			ExecutionOrderSort2 (0ms)
			AwakeInstancesAfterBackupRestoration (8ms)
Platform modules already initialized, skipping
========================================================================
Worker process is ready to serve import requests
Launched and connected shader compiler UnityShaderCompiler.exe after 0.11 seconds
Refreshing native plugins compatible for Editor in 0.81 ms, found 3 plugins.
Preloading 0 native plugins for Editor in 0.00 ms.
Unloading 3368 Unused Serialized files (Serialized files now loaded: 0)
Unloading 27 unused Assets / (111.5 KB). Loaded Objects now: 3824.
Memory consumption went from 116.8 MB to 116.7 MB.
Total: 4.974000 ms (FindLiveObjects: 0.350000 ms CreateObjectMapping: 0.296300 ms MarkObjects: 4.199800 ms  DeleteObjects: 0.126400 ms)

AssetImportParameters requested are different than current active one (requested -> active):
  custom:video-decoder-ogg-theora: a1e56fd34408186e4bbccfd4996cb3dc -> 
  custom:container-muxer-webm: aa71ff27fc2769a1b78a27578f13a17b -> 
  custom:container-demuxer-webm: 4f35f7cbe854078d1ac9338744f61a02 -> 
  custom:video-encoder-webm-vp8: eb34c28f22e8b96e1ab97ce403110664 -> 
  custom:audio-encoder-webm-vorbis: bf7c407c2cedff20999df2af8eb42d56 -> 
  custom:framework-win-MediaFoundation: 216162199b28c13a410421893ffa2e32 -> 
  custom:container-demuxer-ogg: 62fdf1f143b41e24485cea50d1cbac27 -> 
  custom:video-decoder-webm-vp8: 9c59270c3fd7afecdb556c50c9e8de78 -> 
  custom:audio-decoder-ogg-vorbis: bf7c407c2cedff20999df2af8eb42d56 -> 
========================================================================
Received Import Request.
  Time since last request: 170291.023859 seconds.
  path: Assets/AAL
  artifactKey: Guid(548534ae8c3c4034cad7e682bd23bc59) Importer(815301076,1909f56bfc062723c751e8b465ee728b)
Start importing Assets/AAL using Guid(548534ae8c3c4034cad7e682bd23bc59) Importer(815301076,1909f56bfc062723c751e8b465ee728b)  -> (artifact id: '5048fe4221ff66a6f1eb8320ade7dc0d') in 0.009419 seconds 
========================================================================
Received Import Request.
  Time since last request: 38.873356 seconds.
  path: Assets/AAL/HD Heavy Gun
  artifactKey: Guid(fa3c7829c0914b24fb6b87ccf06ba3f0) Importer(815301076,1909f56bfc062723c751e8b465ee728b)
Start importing Assets/AAL/HD Heavy Gun using Guid(fa3c7829c0914b24fb6b87ccf06ba3f0) Importer(815301076,1909f56bfc062723c751e8b465ee728b)  -> (artifact id: '0bd340eceb01cc55d77024027fd1f2e2') in 0.004735 seconds 
========================================================================
Received Import Request.
  Time since last request: 0.001410 seconds.
  path: Assets/AAL/HD Heavy Gun/HeavyGunPrefab.prefab
  artifactKey: Guid(1e1797bad564fc543a852d7fc15fc51a) Importer(815301076,1909f56bfc062723c751e8b465ee728b)
Start importing Assets/AAL/HD Heavy Gun/HeavyGunPrefab.prefab using Guid(1e1797bad564fc543a852d7fc15fc51a) Importer(815301076,1909f56bfc062723c751e8b465ee728b)  -> (artifact id: '594f58db3b20e61ef326b3381854a601') in 0.880575 seconds 
========================================================================
Received Import Request.
  Time since last request: 3.748300 seconds.
  path: Assets/AAL/HD Heavy Gun/FILES
  artifactKey: Guid(defca0cd830e78044a301db8ac147e1d) Importer(815301076,1909f56bfc062723c751e8b465ee728b)
Start importing Assets/AAL/HD Heavy Gun/FILES using Guid(defca0cd830e78044a301db8ac147e1d) Importer(815301076,1909f56bfc062723c751e8b465ee728b)  -> (artifact id: '47fd3c808dbc9e7faf00cb2782a10a13') in 0.004248 seconds 
========================================================================
Received Import Request.
  Time since last request: 64.616983 seconds.
  path: Assets/AAL/HD Heavy Gun/HeavyGunPrefab.prefab
  artifactKey: Guid(1e1797bad564fc543a852d7fc15fc51a) Importer(815301076,1909f56bfc062723c751e8b465ee728b)
Start importing Assets/AAL/HD Heavy Gun/HeavyGunPrefab.prefab using Guid(1e1797bad564fc543a852d7fc15fc51a) Importer(815301076,1909f56bfc062723c751e8b465ee728b)  -> (artifact id: '4643297e3cf3c40dd8123762fe6b7fae') in 0.077375 seconds 
========================================================================
Received Import Request.
  Time since last request: 2.451759 seconds.
  path: Assets/AAL/HD Heavy Gun/HeavyGunPrefab.prefab
  artifactKey: Guid(1e1797bad564fc543a852d7fc15fc51a) Importer(815301076,1909f56bfc062723c751e8b465ee728b)
Start importing Assets/AAL/HD Heavy Gun/HeavyGunPrefab.prefab using Guid(1e1797bad564fc543a852d7fc15fc51a) Importer(815301076,1909f56bfc062723c751e8b465ee728b)  -> (artifact id: '486d33fd5001b060d70d5aae597b549f') in 0.049394 seconds 
========================================================================
Received Import Request.
  Time since last request: 4.860337 seconds.
  path: Assets/AAL/HD Heavy Gun/HeavyGunPrefab.prefab
  artifactKey: Guid(1e1797bad564fc543a852d7fc15fc51a) Importer(815301076,1909f56bfc062723c751e8b465ee728b)
Start importing Assets/AAL/HD Heavy Gun/HeavyGunPrefab.prefab using Guid(1e1797bad564fc543a852d7fc15fc51a) Importer(815301076,1909f56bfc062723c751e8b465ee728b)  -> (artifact id: '931d27c89072af81aa3018f3802aff8a') in 0.068160 seconds 
========================================================================
Received Import Request.
  Time since last request: 4.781685 seconds.
  path: Assets/AAL/HD Heavy Gun/HeavyGunPrefab.prefab
  artifactKey: Guid(1e1797bad564fc543a852d7fc15fc51a) Importer(815301076,1909f56bfc062723c751e8b465ee728b)
Start importing Assets/AAL/HD Heavy Gun/HeavyGunPrefab.prefab using Guid(1e1797bad564fc543a852d7fc15fc51a) Importer(815301076,1909f56bfc062723c751e8b465ee728b)  -> (artifact id: '89c912dd34961a7674db0f2905b629bb') in 0.068182 seconds 
========================================================================
Received Import Request.
  Time since last request: 29.135647 seconds.
  path: Assets/AAL/HD Heavy Gun/HeavyGunPrefab.prefab
  artifactKey: Guid(1e1797bad564fc543a852d7fc15fc51a) Importer(815301076,1909f56bfc062723c751e8b465ee728b)
Start importing Assets/AAL/HD Heavy Gun/HeavyGunPrefab.prefab using Guid(1e1797bad564fc543a852d7fc15fc51a) Importer(815301076,1909f56bfc062723c751e8b465ee728b)  -> (artifact id: 'fc74c2f0ad7c05572d3e765aaa4bf3f2') in 0.067577 seconds 
========================================================================
Received Import Request.
  Time since last request: 3.372803 seconds.
  path: Assets/AAL/HD Heavy Gun/HeavyGunPrefab.prefab
  artifactKey: Guid(1e1797bad564fc543a852d7fc15fc51a) Importer(815301076,1909f56bfc062723c751e8b465ee728b)
Start importing Assets/AAL/HD Heavy Gun/HeavyGunPrefab.prefab using Guid(1e1797bad564fc543a852d7fc15fc51a) Importer(815301076,1909f56bfc062723c751e8b465ee728b)  -> (artifact id: '5568c69a983305df4df94535de035196') in 0.065928 seconds 
========================================================================
Received Import Request.
  Time since last request: 5.644738 seconds.
  path: Assets/AAL/HD Heavy Gun/HeavyGunPrefab.prefab
  artifactKey: Guid(1e1797bad564fc543a852d7fc15fc51a) Importer(815301076,1909f56bfc062723c751e8b465ee728b)
Start importing Assets/AAL/HD Heavy Gun/HeavyGunPrefab.prefab using Guid(1e1797bad564fc543a852d7fc15fc51a) Importer(815301076,1909f56bfc062723c751e8b465ee728b)  -> (artifact id: '2487edb10c8edfeb72829ccf392db5dd') in 0.075062 seconds 
========================================================================
Received Import Request.
  Time since last request: 6.713421 seconds.
  path: Assets/AAL/HD Heavy Gun/HeavyGunPrefab.prefab
  artifactKey: Guid(1e1797bad564fc543a852d7fc15fc51a) Importer(815301076,1909f56bfc062723c751e8b465ee728b)
Start importing Assets/AAL/HD Heavy Gun/HeavyGunPrefab.prefab using Guid(1e1797bad564fc543a852d7fc15fc51a) Importer(815301076,1909f56bfc062723c751e8b465ee728b)  -> (artifact id: '204a4a8a74c194ceae6866c8d0625a0e') in 0.068344 seconds 
========================================================================
Received Import Request.
  Time since last request: 1.917684 seconds.
  path: Assets/AAL/HD Heavy Gun/HeavyGunPrefab.prefab
  artifactKey: Guid(1e1797bad564fc543a852d7fc15fc51a) Importer(815301076,1909f56bfc062723c751e8b465ee728b)
Start importing Assets/AAL/HD Heavy Gun/HeavyGunPrefab.prefab using Guid(1e1797bad564fc543a852d7fc15fc51a) Importer(815301076,1909f56bfc062723c751e8b465ee728b)  -> (artifact id: 'd7ddb80e381fd8238120491a148ed5b3') in 0.082505 seconds 
========================================================================
Received Import Request.
  Time since last request: 4.900939 seconds.
  path: Assets/AAL/HD Heavy Gun/HeavyGunPrefab.prefab
  artifactKey: Guid(1e1797bad564fc543a852d7fc15fc51a) Importer(815301076,1909f56bfc062723c751e8b465ee728b)
Start importing Assets/AAL/HD Heavy Gun/HeavyGunPrefab.prefab using Guid(1e1797bad564fc543a852d7fc15fc51a) Importer(815301076,1909f56bfc062723c751e8b465ee728b)  -> (artifact id: '1b7f449c914cde3a0d4e3916230002f7') in 0.068363 seconds 
========================================================================
Received Import Request.
  Time since last request: 1.571635 seconds.
  path: Assets/AAL/HD Heavy Gun/HeavyGunPrefab.prefab
  artifactKey: Guid(1e1797bad564fc543a852d7fc15fc51a) Importer(815301076,1909f56bfc062723c751e8b465ee728b)
Start importing Assets/AAL/HD Heavy Gun/HeavyGunPrefab.prefab using Guid(1e1797bad564fc543a852d7fc15fc51a) Importer(815301076,1909f56bfc062723c751e8b465ee728b)  -> (artifact id: 'f39904f3477b9ab284443d99f43eac5b') in 0.072605 seconds 
========================================================================
Received Import Request.
  Time since last request: 2.451255 seconds.
  path: Assets/AAL/HD Heavy Gun/HeavyGunPrefab.prefab
  artifactKey: Guid(1e1797bad564fc543a852d7fc15fc51a) Importer(815301076,1909f56bfc062723c751e8b465ee728b)
Start importing Assets/AAL/HD Heavy Gun/HeavyGunPrefab.prefab using Guid(1e1797bad564fc543a852d7fc15fc51a) Importer(815301076,1909f56bfc062723c751e8b465ee728b)  -> (artifact id: '76e5feb53ce523ce37a887dd6ae71f15') in 0.069764 seconds 
========================================================================
Received Import Request.
  Time since last request: 6.686544 seconds.
  path: Assets/AAL/HD Heavy Gun/HeavyGunPrefab.prefab
  artifactKey: Guid(1e1797bad564fc543a852d7fc15fc51a) Importer(815301076,1909f56bfc062723c751e8b465ee728b)
Start importing Assets/AAL/HD Heavy Gun/HeavyGunPrefab.prefab using Guid(1e1797bad564fc543a852d7fc15fc51a) Importer(815301076,1909f56bfc062723c751e8b465ee728b)  -> (artifact id: '58d2e30c5fdff65fe14ac67f832abfc0') in 0.068224 seconds 
========================================================================
Received Import Request.
  Time since last request: 87.173970 seconds.
  path: Assets/AAL/HD Heavy Gun/Documentation.txt
  artifactKey: Guid(a3f4fca96fb4c3b4e80d3142495272db) Importer(815301076,1909f56bfc062723c751e8b465ee728b)
Start importing Assets/AAL/HD Heavy Gun/Documentation.txt using Guid(a3f4fca96fb4c3b4e80d3142495272db) Importer(815301076,1909f56bfc062723c751e8b465ee728b)  -> (artifact id: 'db8b117a4809cdac845df1a0643165eb') in 0.547312 seconds 
========================================================================
Received Import Request.
  Time since last request: 323.400889 seconds.
  path: Assets/AAL/HD Heavy Gun/HeavyGunPrefab.prefab
  artifactKey: Guid(1e1797bad564fc543a852d7fc15fc51a) Importer(815301076,1909f56bfc062723c751e8b465ee728b)
Start importing Assets/AAL/HD Heavy Gun/HeavyGunPrefab.prefab using Guid(1e1797bad564fc543a852d7fc15fc51a) Importer(815301076,1909f56bfc062723c751e8b465ee728b)  -> (artifact id: '89860ba9dee1fdef9ce1f72da7f191ba') in 0.114715 seconds 
========================================================================
Received Import Request.
  Time since last request: 13.613797 seconds.
  path: Assets/AAL/HD Heavy Gun/ExamplePrefabs
  artifactKey: Guid(3645cffb4f646484b91d120eaba38b3c) Importer(815301076,1909f56bfc062723c751e8b465ee728b)
Start importing Assets/AAL/HD Heavy Gun/ExamplePrefabs using Guid(3645cffb4f646484b91d120eaba38b3c) Importer(815301076,1909f56bfc062723c751e8b465ee728b)  -> (artifact id: '75ce811b5452fa983016e4edd861a8bc') in 0.008246 seconds 
========================================================================
Received Import Request.
  Time since last request: 0.067213 seconds.
  path: Assets/AAL/HD Heavy Gun/ExamplePrefabs/HeavyGunPrefab 1.prefab
  artifactKey: Guid(0657f629256973142b828db06a8ff841) Importer(815301076,1909f56bfc062723c751e8b465ee728b)
Start importing Assets/AAL/HD Heavy Gun/ExamplePrefabs/HeavyGunPrefab 1.prefab using Guid(0657f629256973142b828db06a8ff841) Importer(815301076,1909f56bfc062723c751e8b465ee728b)  -> (artifact id: 'eca16966b8ae6dfa252d6c5abaacca7c') in 0.062823 seconds 
========================================================================
Received Import Request.
  Time since last request: 1.291686 seconds.
  path: Assets/AAL/HD Heavy Gun/ExamplePrefabs/AlternativeAmmoMats
  artifactKey: Guid(b88397ab0e11369448710264b60f4752) Importer(815301076,1909f56bfc062723c751e8b465ee728b)
Start importing Assets/AAL/HD Heavy Gun/ExamplePrefabs/AlternativeAmmoMats using Guid(b88397ab0e11369448710264b60f4752) Importer(815301076,1909f56bfc062723c751e8b465ee728b)  -> (artifact id: 'a886156de4742fe7e476addaa48c4fa2') in 0.009154 seconds 
========================================================================
Received Import Request.
  Time since last request: 0.040660 seconds.
  path: Assets/AAL/HD Heavy Gun/ExamplePrefabs/AlternativeAmmoMats/Ammoclip 1.mat
  artifactKey: Guid(41335df78ded23c448b869c903918feb) Importer(815301076,1909f56bfc062723c751e8b465ee728b)
Start importing Assets/AAL/HD Heavy Gun/ExamplePrefabs/AlternativeAmmoMats/Ammoclip 1.mat using Guid(41335df78ded23c448b869c903918feb) Importer(815301076,1909f56bfc062723c751e8b465ee728b)  -> (artifact id: '09065fd5a9605f12f5867f0debde5e08') in 0.490954 seconds 
========================================================================
Received Import Request.
  Time since last request: 0.000055 seconds.
  path: Assets/AAL/HD Heavy Gun/ExamplePrefabs/AlternativeAmmoMats/Ammoclip 3.mat
  artifactKey: Guid(e0569166bc03c1d45bed0adba0810ae2) Importer(815301076,1909f56bfc062723c751e8b465ee728b)
Start importing Assets/AAL/HD Heavy Gun/ExamplePrefabs/AlternativeAmmoMats/Ammoclip 3.mat using Guid(e0569166bc03c1d45bed0adba0810ae2) Importer(815301076,1909f56bfc062723c751e8b465ee728b)  -> (artifact id: '0034c62e46be2b054e30a67b857e11cc') in 0.038449 seconds 
========================================================================
Received Import Request.
  Time since last request: 0.000057 seconds.
  path: Assets/AAL/HD Heavy Gun/ExamplePrefabs/AlternativeAmmoMats/Slugs 3.mat
  artifactKey: Guid(53a6ada56b3f0134c8aae65aec77f959) Importer(815301076,1909f56bfc062723c751e8b465ee728b)
Start importing Assets/AAL/HD Heavy Gun/ExamplePrefabs/AlternativeAmmoMats/Slugs 3.mat using Guid(53a6ada56b3f0134c8aae65aec77f959) Importer(815301076,1909f56bfc062723c751e8b465ee728b)  -> (artifact id: '1ffb822348cbc8f64f676d971c13fecb') in 0.026423 seconds 
========================================================================
Received Import Request.
  Time since last request: 0.000038 seconds.
  path: Assets/AAL/HD Heavy Gun/ExamplePrefabs/AlternativeAmmoMats/RedSlugs.mat
  artifactKey: Guid(ecb5efc1c86517f48ab8e9f41fdfa7aa) Importer(815301076,1909f56bfc062723c751e8b465ee728b)
Start importing Assets/AAL/HD Heavy Gun/ExamplePrefabs/AlternativeAmmoMats/RedSlugs.mat using Guid(ecb5efc1c86517f48ab8e9f41fdfa7aa) Importer(815301076,1909f56bfc062723c751e8b465ee728b)  -> (artifact id: '9c25a2699e6bb684cd9686b1075eca83') in 0.031031 seconds 
========================================================================
Received Import Request.
  Time since last request: 0.000045 seconds.
  path: Assets/AAL/HD Heavy Gun/ExamplePrefabs/AlternativeAmmoMats/EnergySlugs.mat
  artifactKey: Guid(7e1c3ae74eab42448ab99861732acf23) Importer(815301076,1909f56bfc062723c751e8b465ee728b)
Start importing Assets/AAL/HD Heavy Gun/ExamplePrefabs/AlternativeAmmoMats/EnergySlugs.mat using Guid(7e1c3ae74eab42448ab99861732acf23) Importer(815301076,1909f56bfc062723c751e8b465ee728b)  -> (artifact id: 'b3deeaeb75c17f897cb810a091dce445') in 0.038100 seconds 
========================================================================
Received Import Request.
  Time since last request: 112.822713 seconds.
  path: Assets/Stones_and_buried_treasure
  artifactKey: Guid(1bb35546c03492d4ba9f779d737dced0) Importer(815301076,1909f56bfc062723c751e8b465ee728b)
Start importing Assets/Stones_and_buried_treasure using Guid(1bb35546c03492d4ba9f779d737dced0) Importer(815301076,1909f56bfc062723c751e8b465ee728b)  -> (artifact id: 'ce52ea204e9721214328000d06f148d5') in 0.143858 seconds 
========================================================================
Received Import Request.
  Time since last request: 13.475736 seconds.
  path: Assets/Stones_and_buried_treasure/Prefabs
  artifactKey: Guid(db722b1ea2bfc084ea2c7a634b131557) Importer(815301076,1909f56bfc062723c751e8b465ee728b)
Start importing Assets/Stones_and_buried_treasure/Prefabs using Guid(db722b1ea2bfc084ea2c7a634b131557) Importer(815301076,1909f56bfc062723c751e8b465ee728b)  -> (artifact id: 'a2020d87327561b15ac3fac144dd2d98') in 0.005284 seconds 
========================================================================
Received Import Request.
  Time since last request: 0.087814 seconds.
  path: Assets/Stones_and_buried_treasure/Prefabs/Arrow.prefab
  artifactKey: Guid(edf92e08fbab517449067fd9cddc8a66) Importer(815301076,1909f56bfc062723c751e8b465ee728b)
Start importing Assets/Stones_and_buried_treasure/Prefabs/Arrow.prefab using Guid(edf92e08fbab517449067fd9cddc8a66) Importer(815301076,1909f56bfc062723c751e8b465ee728b)  -> (artifact id: '9d2b95a930e389ea4eeb204d92a30170') in 0.265367 seconds 
========================================================================
Received Import Request.
  Time since last request: 0.000025 seconds.
  path: Assets/Stones_and_buried_treasure/Prefabs/Stone_6.prefab
  artifactKey: Guid(dbaf68191bab69546985647875561946) Importer(815301076,1909f56bfc062723c751e8b465ee728b)
Start importing Assets/Stones_and_buried_treasure/Prefabs/Stone_6.prefab using Guid(dbaf68191bab69546985647875561946) Importer(815301076,1909f56bfc062723c751e8b465ee728b)  -> (artifact id: 'ee5e6f391c384fc40df9ccfdd70a4bc5') in 0.019760 seconds 
========================================================================
Received Import Request.
  Time since last request: 0.000037 seconds.
  path: Assets/Stones_and_buried_treasure/Prefabs/Stone_14.prefab
  artifactKey: Guid(0e4460f2e6af8534883922004bca99b6) Importer(815301076,1909f56bfc062723c751e8b465ee728b)
Start importing Assets/Stones_and_buried_treasure/Prefabs/Stone_14.prefab using Guid(0e4460f2e6af8534883922004bca99b6) Importer(815301076,1909f56bfc062723c751e8b465ee728b)  -> (artifact id: 'f3c1ecd547ebe1ee6f89812cbb6e9c1b') in 0.019424 seconds 
========================================================================
Received Import Request.
  Time since last request: 0.000053 seconds.
  path: Assets/Stones_and_buried_treasure/Prefabs/Shield.prefab
  artifactKey: Guid(75940785cec02894881375a52dcba655) Importer(815301076,1909f56bfc062723c751e8b465ee728b)
Start importing Assets/Stones_and_buried_treasure/Prefabs/Shield.prefab using Guid(75940785cec02894881375a52dcba655) Importer(815301076,1909f56bfc062723c751e8b465ee728b)  -> (artifact id: '7dcec7361a89eaa3c785920acfb0b2a5') in 0.024910 seconds 
========================================================================
Received Import Request.
  Time since last request: 0.000027 seconds.
  path: Assets/Stones_and_buried_treasure/Prefabs/Chest_Open_Cap.prefab
  artifactKey: Guid(7e7ac078c68820d4e8f9deec111d9d53) Importer(815301076,1909f56bfc062723c751e8b465ee728b)
Start importing Assets/Stones_and_buried_treasure/Prefabs/Chest_Open_Cap.prefab using Guid(7e7ac078c68820d4e8f9deec111d9d53) Importer(815301076,1909f56bfc062723c751e8b465ee728b)  -> (artifact id: 'd7c74f5f468838932b272356c45912b9') in 0.022131 seconds 
========================================================================
Received Import Request.
  Time since last request: 0.000060 seconds.
  path: Assets/Stones_and_buried_treasure/Prefabs/Ruby.prefab
  artifactKey: Guid(20df3b3bdddb94f47b7d2e59e491ff51) Importer(815301076,1909f56bfc062723c751e8b465ee728b)
Start importing Assets/Stones_and_buried_treasure/Prefabs/Ruby.prefab using Guid(20df3b3bdddb94f47b7d2e59e491ff51) Importer(815301076,1909f56bfc062723c751e8b465ee728b)  -> (artifact id: '77ea9c5ed6d3f1041caafbca228904f8') in 0.024418 seconds 
========================================================================
Received Import Request.
  Time since last request: 0.000084 seconds.
  path: Assets/Stones_and_buried_treasure/Prefabs/Elixir_Of_Mana.prefab
  artifactKey: Guid(32ef5384bf03a5c459962867b76db0cf) Importer(815301076,1909f56bfc062723c751e8b465ee728b)
Start importing Assets/Stones_and_buried_treasure/Prefabs/Elixir_Of_Mana.prefab using Guid(32ef5384bf03a5c459962867b76db0cf) Importer(815301076,1909f56bfc062723c751e8b465ee728b)  -> (artifact id: '3e26ebfb2787c6ca4db3c4e4ef04c42c') in 0.034161 seconds 
========================================================================
Received Import Request.
  Time since last request: 0.000033 seconds.
  path: Assets/Stones_and_buried_treasure/Prefabs/Chest_Open.prefab
  artifactKey: Guid(33bf31b2b982a14499d546025065ad22) Importer(815301076,1909f56bfc062723c751e8b465ee728b)
Start importing Assets/Stones_and_buried_treasure/Prefabs/Chest_Open.prefab using Guid(33bf31b2b982a14499d546025065ad22) Importer(815301076,1909f56bfc062723c751e8b465ee728b)  -> (artifact id: '064356dc0af8f69c17d788fa091aabc2') in 0.034901 seconds 
========================================================================
Received Import Request.
  Time since last request: 0.000055 seconds.
  path: Assets/Stones_and_buried_treasure/Prefabs/Stone_3.prefab
  artifactKey: Guid(fca867e93da64f84c8cc00bde5b816f0) Importer(815301076,1909f56bfc062723c751e8b465ee728b)
Start importing Assets/Stones_and_buried_treasure/Prefabs/Stone_3.prefab using Guid(fca867e93da64f84c8cc00bde5b816f0) Importer(815301076,1909f56bfc062723c751e8b465ee728b)  -> (artifact id: 'd11cbea33c401a2a0074a12e1715dd25') in 0.036878 seconds 
========================================================================
Received Import Request.
  Time since last request: 0.000064 seconds.
  path: Assets/Stones_and_buried_treasure/Prefabs/Сrystal_4.prefab
  artifactKey: Guid(e6911a57b4d95ba4f86e3e41e5a9fcac) Importer(815301076,1909f56bfc062723c751e8b465ee728b)
Start importing Assets/Stones_and_buried_treasure/Prefabs/Сrystal_4.prefab using Guid(e6911a57b4d95ba4f86e3e41e5a9fcac) Importer(815301076,1909f56bfc062723c751e8b465ee728b)  -> (artifact id: '7af8221a6ae07eb705a0a18cde84ba12') in 0.079966 seconds 
========================================================================
Received Import Request.
  Time since last request: 0.000070 seconds.
  path: Assets/Stones_and_buried_treasure/Prefabs/Emerald.prefab
  artifactKey: Guid(2c9868bb7821e484083e774038674eb1) Importer(815301076,1909f56bfc062723c751e8b465ee728b)
Start importing Assets/Stones_and_buried_treasure/Prefabs/Emerald.prefab using Guid(2c9868bb7821e484083e774038674eb1) Importer(815301076,1909f56bfc062723c751e8b465ee728b)  -> (artifact id: '0bd40ecf7c38cac5abbbe6f913a82a68') in 0.032592 seconds 
========================================================================
Received Import Request.
  Time since last request: 0.000103 seconds.
  path: Assets/Stones_and_buried_treasure/Prefabs/Stone_15.prefab
  artifactKey: Guid(7e9e129d389d7b840aff77f25f41451c) Importer(815301076,1909f56bfc062723c751e8b465ee728b)
Start importing Assets/Stones_and_buried_treasure/Prefabs/Stone_15.prefab using Guid(7e9e129d389d7b840aff77f25f41451c) Importer(815301076,1909f56bfc062723c751e8b465ee728b)  -> (artifact id: '85713cbba6e483e25cc0f1dcdf86514d') in 0.033274 seconds 
========================================================================
Received Import Request.
  Time since last request: 0.000047 seconds.
  path: Assets/Stones_and_buried_treasure/Prefabs/Сrystal_3.prefab
  artifactKey: Guid(b4572596b6a569946aedef79f222fa22) Importer(815301076,1909f56bfc062723c751e8b465ee728b)
Start importing Assets/Stones_and_buried_treasure/Prefabs/Сrystal_3.prefab using Guid(b4572596b6a569946aedef79f222fa22) Importer(815301076,1909f56bfc062723c751e8b465ee728b)  -> (artifact id: 'e5bbe520a70516d8c309f3bd6d628606') in 0.033005 seconds 
========================================================================
Received Import Request.
  Time since last request: 0.000082 seconds.
  path: Assets/Stones_and_buried_treasure/Prefabs/Сoin.prefab
  artifactKey: Guid(e3df14a44368b9c47a6175eebd31535d) Importer(815301076,1909f56bfc062723c751e8b465ee728b)
Start importing Assets/Stones_and_buried_treasure/Prefabs/Сoin.prefab using Guid(e3df14a44368b9c47a6175eebd31535d) Importer(815301076,1909f56bfc062723c751e8b465ee728b)  -> (artifact id: '087b78f995a1b3ad8c92602ef2ea1d2a') in 0.032352 seconds 
========================================================================
Received Import Request.
  Time since last request: 0.000095 seconds.
  path: Assets/Stones_and_buried_treasure/Prefabs/Skull.prefab
  artifactKey: Guid(331828e5d69fcf148a4fa6dadc2c2f41) Importer(815301076,1909f56bfc062723c751e8b465ee728b)
Start importing Assets/Stones_and_buried_treasure/Prefabs/Skull.prefab using Guid(331828e5d69fcf148a4fa6dadc2c2f41) Importer(815301076,1909f56bfc062723c751e8b465ee728b)  -> (artifact id: '5300ec90fc2e4f345054665a9889c0dc') in 0.034170 seconds 
========================================================================
Received Import Request.
  Time since last request: 0.000044 seconds.
  path: Assets/Stones_and_buried_treasure/Prefabs/Stone_2.prefab
  artifactKey: Guid(6e1def531c4baaf4387bc4283f7ef134) Importer(815301076,1909f56bfc062723c751e8b465ee728b)
Start importing Assets/Stones_and_buried_treasure/Prefabs/Stone_2.prefab using Guid(6e1def531c4baaf4387bc4283f7ef134) Importer(815301076,1909f56bfc062723c751e8b465ee728b)  -> (artifact id: '3a29dd27c2abc27aa8bf2e5551b10fb1') in 0.037080 seconds 
========================================================================
Received Import Request.
  Time since last request: 0.000067 seconds.
  path: Assets/Stones_and_buried_treasure/Prefabs/Сrystal_1.prefab
  artifactKey: Guid(2485624f732b618439e23cb8081d41dc) Importer(815301076,1909f56bfc062723c751e8b465ee728b)
Start importing Assets/Stones_and_buried_treasure/Prefabs/Сrystal_1.prefab using Guid(2485624f732b618439e23cb8081d41dc) Importer(815301076,1909f56bfc062723c751e8b465ee728b)  -> (artifact id: '48c6271e2decca643933b1ec15e3fb6c') in 0.035368 seconds 
========================================================================
Received Import Request.
  Time since last request: 0.000054 seconds.
  path: Assets/Stones_and_buried_treasure/Prefabs/Elixir_Of_Health.prefab
  artifactKey: Guid(fb1342e2566442642a1b0da9756b066e) Importer(815301076,1909f56bfc062723c751e8b465ee728b)
Start importing Assets/Stones_and_buried_treasure/Prefabs/Elixir_Of_Health.prefab using Guid(fb1342e2566442642a1b0da9756b066e) Importer(815301076,1909f56bfc062723c751e8b465ee728b)  -> (artifact id: 'c8a343f2298a7fe8f5972207779d087b') in 0.043310 seconds 
========================================================================
Received Import Request.
  Time since last request: 0.000072 seconds.
  path: Assets/Stones_and_buried_treasure/Prefabs/Stone_8.prefab
  artifactKey: Guid(06feddaacfebcc845a71837d24b4ed20) Importer(815301076,1909f56bfc062723c751e8b465ee728b)
Start importing Assets/Stones_and_buried_treasure/Prefabs/Stone_8.prefab using Guid(06feddaacfebcc845a71837d24b4ed20) Importer(815301076,1909f56bfc062723c751e8b465ee728b)  -> (artifact id: '93b1b9c869cdcfa65dff019441191561') in 0.036702 seconds 
========================================================================
Received Import Request.
  Time since last request: 0.000071 seconds.
  path: Assets/Stones_and_buried_treasure/Prefabs/Crown.prefab
  artifactKey: Guid(60843c6f0abfe104f8c631aabae51301) Importer(815301076,1909f56bfc062723c751e8b465ee728b)
Start importing Assets/Stones_and_buried_treasure/Prefabs/Crown.prefab using Guid(60843c6f0abfe104f8c631aabae51301) Importer(815301076,1909f56bfc062723c751e8b465ee728b)  -> (artifact id: 'd964c4c6c1cf43b27225973a85478f01') in 0.039227 seconds 
========================================================================
Received Import Request.
  Time since last request: 0.000039 seconds.
  path: Assets/Stones_and_buried_treasure/Prefabs/Stone_18.prefab
  artifactKey: Guid(0308f8ff86e69154a8064da3ef456125) Importer(815301076,1909f56bfc062723c751e8b465ee728b)
Start importing Assets/Stones_and_buried_treasure/Prefabs/Stone_18.prefab using Guid(0308f8ff86e69154a8064da3ef456125) Importer(815301076,1909f56bfc062723c751e8b465ee728b)  -> (artifact id: 'e20a149d4c727efe9a07f32a47301dde') in 0.023273 seconds 
========================================================================
Received Import Request.
  Time since last request: 0.000037 seconds.
  path: Assets/Stones_and_buried_treasure/Prefabs/Stone_16.prefab
  artifactKey: Guid(e992049e0e5f23b48ade8c906dc252c6) Importer(815301076,1909f56bfc062723c751e8b465ee728b)
Start importing Assets/Stones_and_buried_treasure/Prefabs/Stone_16.prefab using Guid(e992049e0e5f23b48ade8c906dc252c6) Importer(815301076,1909f56bfc062723c751e8b465ee728b)  -> (artifact id: '4f25e037ecae1b592ba55ffa42dfd068') in 0.024393 seconds 
========================================================================
Received Import Request.
  Time since last request: 0.000036 seconds.
  path: Assets/Stones_and_buried_treasure/Prefabs/Key.prefab
  artifactKey: Guid(5f19be0067756ea45bd6b780e9794b80) Importer(815301076,1909f56bfc062723c751e8b465ee728b)
Start importing Assets/Stones_and_buried_treasure/Prefabs/Key.prefab using Guid(5f19be0067756ea45bd6b780e9794b80) Importer(815301076,1909f56bfc062723c751e8b465ee728b)  -> (artifact id: 'ada1294a75558669b85d2175b998b46d') in 0.033133 seconds 
========================================================================
Received Import Request.
  Time since last request: 498.094214 seconds.
  path: Assets/Scenes
  artifactKey: Guid(6ea315d0fd7389c41b19996891e99ae3) Importer(815301076,1909f56bfc062723c751e8b465ee728b)
Start importing Assets/Scenes using Guid(6ea315d0fd7389c41b19996891e99ae3) Importer(815301076,1909f56bfc062723c751e8b465ee728b)  -> (artifact id: 'b8193726cff86800c54781cdc6d54904') in 0.009549 seconds 
