Using pre-set license
Built from '2021.3/staging' branch; Version is '2021.3.5f1 (40eb3a945986) revision 4254522'; Using compiler version '192829333'; Build Type 'Release'
OS: 'Windows 10  (10.0.19043) 64bit CoreSingleLanguage' Language: 'ru' Physical Memory: 6018 MB
BatchMode: 1, IsHumanControllingUs: 0, StartBugReporterOnCrash: 0, Is64bit: 1, IsPro: 1

COMMAND LINE ARGUMENTS:
D:\Игры\Unity 2021.3.5f1\Editor\Unity.exe
-adb2
-batchMode
-noUpm
-name
AssetImportWorker1
-projectPath
C:/Users/lllen/OneDrive/Документы/юдицкий илья/LESSON2
-logFile
Logs/AssetImportWorker1.log
-srvPort
54872
Successfully changed project path to: C:/Users/lllen/OneDrive/Документы/юдицкий илья/LESSON2
C:/Users/lllen/OneDrive/Документы/юдицкий илья/LESSON2
[UnityMemory] Configuration Parameters - Can be set up in boot.config
    "memorysetup-bucket-allocator-granularity=16"
    "memorysetup-bucket-allocator-bucket-count=8"
    "memorysetup-bucket-allocator-block-size=33554432"
    "memorysetup-bucket-allocator-block-count=8"
    "memorysetup-main-allocator-block-size=16777216"
    "memorysetup-thread-allocator-block-size=16777216"
    "memorysetup-gfx-main-allocator-block-size=16777216"
    "memorysetup-gfx-thread-allocator-block-size=16777216"
    "memorysetup-cache-allocator-block-size=4194304"
    "memorysetup-typetree-allocator-block-size=2097152"
    "memorysetup-profiler-bucket-allocator-granularity=16"
    "memorysetup-profiler-bucket-allocator-bucket-count=8"
    "memorysetup-profiler-bucket-allocator-block-size=33554432"
    "memorysetup-profiler-bucket-allocator-block-count=8"
    "memorysetup-profiler-allocator-block-size=16777216"
    "memorysetup-profiler-editor-allocator-block-size=1048576"
    "memorysetup-temp-allocator-size-main=16777216"
    "memorysetup-job-temp-allocator-block-size=2097152"
    "memorysetup-job-temp-allocator-block-size-background=1048576"
    "memorysetup-job-temp-allocator-reduction-small-platforms=262144"
    "memorysetup-temp-allocator-size-background-worker=32768"
    "memorysetup-temp-allocator-size-job-worker=262144"
    "memorysetup-temp-allocator-size-preload-manager=33554432"
    "memorysetup-temp-allocator-size-nav-mesh-worker=65536"
    "memorysetup-temp-allocator-size-audio-worker=65536"
    "memorysetup-temp-allocator-size-cloud-worker=32768"
    "memorysetup-temp-allocator-size-gi-baking-worker=262144"
    "memorysetup-temp-allocator-size-gfx=262144"
Refreshing native plugins compatible for Editor in 247.91 ms, found 3 plugins.
Preloading 0 native plugins for Editor in 0.00 ms.
Initialize engine version: 2021.3.5f1 (40eb3a945986)
[Subsystems] Discovering subsystems at path D:/Игры/Unity 2021.3.5f1/Editor/Data/Resources/UnitySubsystems
[Subsystems] Discovering subsystems at path C:/Users/lllen/OneDrive/Документы/юдицкий илья/LESSON2/Assets
GfxDevice: creating device client; threaded=0; jobified=0
Direct3D:
    Version:  Direct3D 11.0 [level 11.1]
    Renderer: NVIDIA GeForce MX150 (ID=0x1d10)
    Vendor:   NVIDIA
    VRAM:     1983 MB
    Driver:   30.0.15.1215
Initialize mono
Mono path[0] = 'D:/Игры/Unity 2021.3.5f1/Editor/Data/Managed'
Mono path[1] = 'D:/Игры/Unity 2021.3.5f1/Editor/Data/MonoBleedingEdge/lib/mono/unityjit-win32'
Mono config path = 'D:/Игры/Unity 2021.3.5f1/Editor/Data/MonoBleedingEdge/etc'
Using monoOptions --debugger-agent=transport=dt_socket,embedding=1,server=y,suspend=n,address=127.0.0.1:56564
Begin MonoManager ReloadAssembly
Registering precompiled unity dll's ...
Register platform support module: D:/Игры/Unity 2021.3.5f1/Editor/Data/PlaybackEngines/WindowsStandaloneSupport/UnityEditor.WindowsStandalone.Extensions.dll
Registered in 0.093868 seconds.
Native extension for WindowsStandalone target not found
Refreshing native plugins compatible for Editor in 109.48 ms, found 3 plugins.
Preloading 0 native plugins for Editor in 0.00 ms.
Mono: successfully reloaded assembly
- Completed reload, in  1.540 seconds
Domain Reload Profiling:
	ReloadAssembly (1541ms)
		BeginReloadAssembly (557ms)
			ExecutionOrderSort (0ms)
			DisableScriptedObjects (0ms)
			BackupInstance (0ms)
			ReleaseScriptingObjects (0ms)
			CreateAndSetChildDomain (1ms)
		EndReloadAssembly (692ms)
			LoadAssemblies (549ms)
			RebuildTransferFunctionScriptingTraits (0ms)
			SetupTypeCache (163ms)
			ReleaseScriptCaches (0ms)
			RebuildScriptCaches (45ms)
			SetupLoadedEditorAssemblies (389ms)
				LogAssemblyErrors (0ms)
				InitializePlatformSupportModulesInManaged (13ms)
				SetLoadedEditorAssemblies (0ms)
				RefreshPlugins (110ms)
				BeforeProcessingInitializeOnLoad (2ms)
				ProcessInitializeOnLoadAttributes (209ms)
				ProcessInitializeOnLoadMethodAttributes (56ms)
				AfterProcessingInitializeOnLoad (0ms)
				EditorAssembliesLoaded (0ms)
			ExecutionOrderSort2 (0ms)
			AwakeInstancesAfterBackupRestoration (0ms)
Platform modules already initialized, skipping
Registering precompiled user dll's ...
Registered in 0.017397 seconds.
Begin MonoManager ReloadAssembly
Symbol file LoadedFromMemory doesn't match image C:\Users\lllen\OneDrive\Документы\юдицкий илья\LESSON2\Library\PackageCache\com.unity.visualscripting@1.7.8\Editor\VisualScripting.Core\Dependencies\YamlDotNet\Unity.VisualScripting.YamlDotNet.dll
Symbol file LoadedFromMemory doesn't match image C:\Users\lllen\OneDrive\Документы\юдицкий илья\LESSON2\Library\PackageCache\com.unity.visualscripting@1.7.8\Editor\VisualScripting.Core\Dependencies\DotNetZip\Unity.VisualScripting.IonicZip.dll
Native extension for WindowsStandalone target not found
Refreshing native plugins compatible for Editor in 0.59 ms, found 3 plugins.
Preloading 0 native plugins for Editor in 0.00 ms.
Mono: successfully reloaded assembly
- Completed reload, in  2.466 seconds
Domain Reload Profiling:
	ReloadAssembly (2467ms)
		BeginReloadAssembly (293ms)
			ExecutionOrderSort (0ms)
			DisableScriptedObjects (18ms)
			BackupInstance (0ms)
			ReleaseScriptingObjects (0ms)
			CreateAndSetChildDomain (40ms)
		EndReloadAssembly (1836ms)
			LoadAssemblies (399ms)
			RebuildTransferFunctionScriptingTraits (0ms)
			SetupTypeCache (798ms)
			ReleaseScriptCaches (1ms)
			RebuildScriptCaches (56ms)
			SetupLoadedEditorAssemblies (575ms)
				LogAssemblyErrors (0ms)
				InitializePlatformSupportModulesInManaged (8ms)
				SetLoadedEditorAssemblies (1ms)
				RefreshPlugins (1ms)
				BeforeProcessingInitializeOnLoad (144ms)
				ProcessInitializeOnLoadAttributes (303ms)
				ProcessInitializeOnLoadMethodAttributes (105ms)
				AfterProcessingInitializeOnLoad (14ms)
				EditorAssembliesLoaded (0ms)
			ExecutionOrderSort2 (0ms)
			AwakeInstancesAfterBackupRestoration (8ms)
Platform modules already initialized, skipping
========================================================================
Worker process is ready to serve import requests
Launched and connected shader compiler UnityShaderCompiler.exe after 0.42 seconds
Refreshing native plugins compatible for Editor in 0.77 ms, found 3 plugins.
Preloading 0 native plugins for Editor in 0.00 ms.
Unloading 3368 Unused Serialized files (Serialized files now loaded: 0)
Unloading 27 unused Assets / (111.5 KB). Loaded Objects now: 3824.
Memory consumption went from 116.8 MB to 116.7 MB.
Total: 4.901100 ms (FindLiveObjects: 0.362700 ms CreateObjectMapping: 0.294600 ms MarkObjects: 4.110600 ms  DeleteObjects: 0.132000 ms)

AssetImportParameters requested are different than current active one (requested -> active):
  custom:video-decoder-ogg-theora: a1e56fd34408186e4bbccfd4996cb3dc -> 
  custom:container-muxer-webm: aa71ff27fc2769a1b78a27578f13a17b -> 
  custom:container-demuxer-webm: 4f35f7cbe854078d1ac9338744f61a02 -> 
  custom:video-encoder-webm-vp8: eb34c28f22e8b96e1ab97ce403110664 -> 
  custom:audio-encoder-webm-vorbis: bf7c407c2cedff20999df2af8eb42d56 -> 
  custom:framework-win-MediaFoundation: 216162199b28c13a410421893ffa2e32 -> 
  custom:container-demuxer-ogg: 62fdf1f143b41e24485cea50d1cbac27 -> 
  custom:video-decoder-webm-vp8: 9c59270c3fd7afecdb556c50c9e8de78 -> 
  custom:audio-decoder-ogg-vorbis: bf7c407c2cedff20999df2af8eb42d56 -> 
========================================================================
Received Import Request.
  Time since last request: 170901.228089 seconds.
  path: Assets/AAL/HD Heavy Gun/ExamplePrefabs/AlternativeAmmoMats/Ammoclip 2.mat
  artifactKey: Guid(fb1dfda57ab20b3419e01cc9a32ee2ea) Importer(815301076,1909f56bfc062723c751e8b465ee728b)
Start importing Assets/AAL/HD Heavy Gun/ExamplePrefabs/AlternativeAmmoMats/Ammoclip 2.mat using Guid(fb1dfda57ab20b3419e01cc9a32ee2ea) Importer(815301076,1909f56bfc062723c751e8b465ee728b)  -> (artifact id: '16a3ad64c673a80bf998f86d23899e9b') in 1.217061 seconds 
========================================================================
Received Import Request.
  Time since last request: 126.029470 seconds.
  path: Assets/Stones_and_buried_treasure/Prefabs/Barrel_Closed.prefab
  artifactKey: Guid(4d272402a09cecd42a5f9f5d73589fc7) Importer(815301076,1909f56bfc062723c751e8b465ee728b)
Start importing Assets/Stones_and_buried_treasure/Prefabs/Barrel_Closed.prefab using Guid(4d272402a09cecd42a5f9f5d73589fc7) Importer(815301076,1909f56bfc062723c751e8b465ee728b)  -> (artifact id: '51c5618a7240f49b2d7a89eeb205c7bf') in 0.269178 seconds 
========================================================================
Received Import Request.
  Time since last request: 0.000033 seconds.
  path: Assets/Stones_and_buried_treasure/Prefabs/Stone_10.prefab
  artifactKey: Guid(df00b95dd377f8f4fa6a75377aa47a42) Importer(815301076,1909f56bfc062723c751e8b465ee728b)
Start importing Assets/Stones_and_buried_treasure/Prefabs/Stone_10.prefab using Guid(df00b95dd377f8f4fa6a75377aa47a42) Importer(815301076,1909f56bfc062723c751e8b465ee728b)  -> (artifact id: '3858e450c155a4514df0579552c7a4a8') in 0.018642 seconds 
========================================================================
Received Import Request.
  Time since last request: 0.000049 seconds.
  path: Assets/Stones_and_buried_treasure/Prefabs/Sword.prefab
  artifactKey: Guid(b116d663e63776b498d940fc62356957) Importer(815301076,1909f56bfc062723c751e8b465ee728b)
Start importing Assets/Stones_and_buried_treasure/Prefabs/Sword.prefab using Guid(b116d663e63776b498d940fc62356957) Importer(815301076,1909f56bfc062723c751e8b465ee728b)  -> (artifact id: '01c525353b88510663c84fdcd7bf09c4') in 0.022960 seconds 
========================================================================
Received Import Request.
  Time since last request: 0.000042 seconds.
  path: Assets/Stones_and_buried_treasure/Prefabs/Stone_11.prefab
  artifactKey: Guid(8b49696b2432a634e9f45dd8ad4aab80) Importer(815301076,1909f56bfc062723c751e8b465ee728b)
Start importing Assets/Stones_and_buried_treasure/Prefabs/Stone_11.prefab using Guid(8b49696b2432a634e9f45dd8ad4aab80) Importer(815301076,1909f56bfc062723c751e8b465ee728b)  -> (artifact id: 'f4de129e108f26603cb01d9b5b7df348') in 0.022242 seconds 
========================================================================
Received Import Request.
  Time since last request: 0.000032 seconds.
  path: Assets/Stones_and_buried_treasure/Prefabs/Ground.prefab
  artifactKey: Guid(0ed7946982320464596b995b61ecdf34) Importer(815301076,1909f56bfc062723c751e8b465ee728b)
Start importing Assets/Stones_and_buried_treasure/Prefabs/Ground.prefab using Guid(0ed7946982320464596b995b61ecdf34) Importer(815301076,1909f56bfc062723c751e8b465ee728b)  -> (artifact id: '0b0e767196a6a28ee977580c88420f91') in 0.018657 seconds 
========================================================================
Received Import Request.
  Time since last request: 0.000058 seconds.
  path: Assets/Stones_and_buried_treasure/Prefabs/Stone_5.prefab
  artifactKey: Guid(e06ba814345b0ec43aaaf6a5dac7e762) Importer(815301076,1909f56bfc062723c751e8b465ee728b)
Start importing Assets/Stones_and_buried_treasure/Prefabs/Stone_5.prefab using Guid(e06ba814345b0ec43aaaf6a5dac7e762) Importer(815301076,1909f56bfc062723c751e8b465ee728b)  -> (artifact id: '7937e288311282262ecc2aed733b01ec') in 0.021896 seconds 
========================================================================
Received Import Request.
  Time since last request: 0.000031 seconds.
  path: Assets/Stones_and_buried_treasure/Prefabs/Bullion.prefab
  artifactKey: Guid(71af532755e61c7439f07e35d89278f8) Importer(815301076,1909f56bfc062723c751e8b465ee728b)
Start importing Assets/Stones_and_buried_treasure/Prefabs/Bullion.prefab using Guid(71af532755e61c7439f07e35d89278f8) Importer(815301076,1909f56bfc062723c751e8b465ee728b)  -> (artifact id: 'f84d059236e082b4e19a4025999b8df1') in 0.032807 seconds 
========================================================================
Received Import Request.
  Time since last request: 0.000049 seconds.
  path: Assets/Stones_and_buried_treasure/Prefabs/Stone_12.prefab
  artifactKey: Guid(e745df1298631f24789a1313146ae9a5) Importer(815301076,1909f56bfc062723c751e8b465ee728b)
Start importing Assets/Stones_and_buried_treasure/Prefabs/Stone_12.prefab using Guid(e745df1298631f24789a1313146ae9a5) Importer(815301076,1909f56bfc062723c751e8b465ee728b)  -> (artifact id: 'e30b6064f125ec0263ce221e8869d6de') in 0.031896 seconds 
========================================================================
Received Import Request.
  Time since last request: 0.000059 seconds.
  path: Assets/Stones_and_buried_treasure/Prefabs/Tree_Fir.prefab
  artifactKey: Guid(d64bcd605f1bc084588c5a35592f7fc3) Importer(815301076,1909f56bfc062723c751e8b465ee728b)
Start importing Assets/Stones_and_buried_treasure/Prefabs/Tree_Fir.prefab using Guid(d64bcd605f1bc084588c5a35592f7fc3) Importer(815301076,1909f56bfc062723c751e8b465ee728b)  -> (artifact id: '5b0735418aa087e798b8fb3b579d14f7') in 0.037527 seconds 
========================================================================
Received Import Request.
  Time since last request: 0.000053 seconds.
  path: Assets/Stones_and_buried_treasure/Prefabs/Stone_13.prefab
  artifactKey: Guid(36d90c33e9b776448a1f2dfc975ffda5) Importer(815301076,1909f56bfc062723c751e8b465ee728b)
Start importing Assets/Stones_and_buried_treasure/Prefabs/Stone_13.prefab using Guid(36d90c33e9b776448a1f2dfc975ffda5) Importer(815301076,1909f56bfc062723c751e8b465ee728b)  -> (artifact id: '02611e7e368940fffb5ca13062905708') in 0.078278 seconds 
========================================================================
Received Import Request.
  Time since last request: 0.000098 seconds.
  path: Assets/Stones_and_buried_treasure/Prefabs/Pick.prefab
  artifactKey: Guid(6191d242d97347540a6f4263049bdfed) Importer(815301076,1909f56bfc062723c751e8b465ee728b)
Start importing Assets/Stones_and_buried_treasure/Prefabs/Pick.prefab using Guid(6191d242d97347540a6f4263049bdfed) Importer(815301076,1909f56bfc062723c751e8b465ee728b)  -> (artifact id: '9db12298241b27dc181c144ddc8b4d12') in 0.038099 seconds 
========================================================================
Received Import Request.
  Time since last request: 0.000058 seconds.
  path: Assets/Stones_and_buried_treasure/Prefabs/Stone_17.prefab
  artifactKey: Guid(56c471fa60a91ff47aad2dc54e7d196a) Importer(815301076,1909f56bfc062723c751e8b465ee728b)
Start importing Assets/Stones_and_buried_treasure/Prefabs/Stone_17.prefab using Guid(56c471fa60a91ff47aad2dc54e7d196a) Importer(815301076,1909f56bfc062723c751e8b465ee728b)  -> (artifact id: 'fecae944c657648d816f60e26115248c') in 0.033579 seconds 
========================================================================
Received Import Request.
  Time since last request: 0.000094 seconds.
  path: Assets/Stones_and_buried_treasure/Prefabs/Rocks_and_grass_1.prefab
  artifactKey: Guid(83561575068bf2042a4f289885d89d2f) Importer(815301076,1909f56bfc062723c751e8b465ee728b)
Start importing Assets/Stones_and_buried_treasure/Prefabs/Rocks_and_grass_1.prefab using Guid(83561575068bf2042a4f289885d89d2f) Importer(815301076,1909f56bfc062723c751e8b465ee728b)  -> (artifact id: 'cd555a8108ce6351fa1c167963e1a8d9') in 0.034869 seconds 
========================================================================
Received Import Request.
  Time since last request: 0.000052 seconds.
  path: Assets/Stones_and_buried_treasure/Prefabs/Bone.prefab
  artifactKey: Guid(11be0398bf08b574c839d66a800c6174) Importer(815301076,1909f56bfc062723c751e8b465ee728b)
Start importing Assets/Stones_and_buried_treasure/Prefabs/Bone.prefab using Guid(11be0398bf08b574c839d66a800c6174) Importer(815301076,1909f56bfc062723c751e8b465ee728b)  -> (artifact id: 'a90ff584368be43e7ced9db9e170fa7a') in 0.030455 seconds 
========================================================================
Received Import Request.
  Time since last request: 0.000050 seconds.
  path: Assets/Stones_and_buried_treasure/Prefabs/Stone_1.prefab
  artifactKey: Guid(9db57954271991a4f84773d7d31e291b) Importer(815301076,1909f56bfc062723c751e8b465ee728b)
Start importing Assets/Stones_and_buried_treasure/Prefabs/Stone_1.prefab using Guid(9db57954271991a4f84773d7d31e291b) Importer(815301076,1909f56bfc062723c751e8b465ee728b)  -> (artifact id: 'cec32cc5f06c28c1ca38223e15fb1faf') in 0.034033 seconds 
========================================================================
Received Import Request.
  Time since last request: 0.000056 seconds.
  path: Assets/Stones_and_buried_treasure/Prefabs/Chest_Closed.prefab
  artifactKey: Guid(64284ca1518bc524492fa4fc9e82ce94) Importer(815301076,1909f56bfc062723c751e8b465ee728b)
Start importing Assets/Stones_and_buried_treasure/Prefabs/Chest_Closed.prefab using Guid(64284ca1518bc524492fa4fc9e82ce94) Importer(815301076,1909f56bfc062723c751e8b465ee728b)  -> (artifact id: 'b3c5d1f1de6a8d8e27057eff1bdf1b13') in 0.042925 seconds 
========================================================================
Received Import Request.
  Time since last request: 0.000077 seconds.
  path: Assets/Stones_and_buried_treasure/Prefabs/Barrel_Open.prefab
  artifactKey: Guid(2d561752e6200834db6fb19d8d3220b2) Importer(815301076,1909f56bfc062723c751e8b465ee728b)
Start importing Assets/Stones_and_buried_treasure/Prefabs/Barrel_Open.prefab using Guid(2d561752e6200834db6fb19d8d3220b2) Importer(815301076,1909f56bfc062723c751e8b465ee728b)  -> (artifact id: '48a97e8b21f515780b0d6921d16dab5d') in 0.038303 seconds 
========================================================================
Received Import Request.
  Time since last request: 0.000064 seconds.
  path: Assets/Stones_and_buried_treasure/Prefabs/Box.prefab
  artifactKey: Guid(c3ac01a483bb3fd4fac43624af451255) Importer(815301076,1909f56bfc062723c751e8b465ee728b)
Start importing Assets/Stones_and_buried_treasure/Prefabs/Box.prefab using Guid(c3ac01a483bb3fd4fac43624af451255) Importer(815301076,1909f56bfc062723c751e8b465ee728b)  -> (artifact id: '6b43efde21dfb4a36962b852f9643fd1') in 0.041061 seconds 
========================================================================
Received Import Request.
  Time since last request: 0.000057 seconds.
  path: Assets/Stones_and_buried_treasure/Prefabs/Rocks_and_grass_2.prefab
  artifactKey: Guid(97291d2df068db2439009ca97285ddff) Importer(815301076,1909f56bfc062723c751e8b465ee728b)
Start importing Assets/Stones_and_buried_treasure/Prefabs/Rocks_and_grass_2.prefab using Guid(97291d2df068db2439009ca97285ddff) Importer(815301076,1909f56bfc062723c751e8b465ee728b)  -> (artifact id: 'f8ff6e8d438a7300642cdf8bc52b3bf5') in 0.047713 seconds 
========================================================================
Received Import Request.
  Time since last request: 0.000101 seconds.
  path: Assets/Stones_and_buried_treasure/Prefabs/Stone_9.prefab
  artifactKey: Guid(74bece5c87deaa946b1d5c129a3123af) Importer(815301076,1909f56bfc062723c751e8b465ee728b)
Start importing Assets/Stones_and_buried_treasure/Prefabs/Stone_9.prefab using Guid(74bece5c87deaa946b1d5c129a3123af) Importer(815301076,1909f56bfc062723c751e8b465ee728b)  -> (artifact id: 'ee32f9612e7524413f4d8a441e2f5cbf') in 0.032805 seconds 
========================================================================
Received Import Request.
  Time since last request: 0.000042 seconds.
  path: Assets/Stones_and_buried_treasure/Prefabs/Stone_7.prefab
  artifactKey: Guid(41746623d92e6994586a79f8ebd3681a) Importer(815301076,1909f56bfc062723c751e8b465ee728b)
Start importing Assets/Stones_and_buried_treasure/Prefabs/Stone_7.prefab using Guid(41746623d92e6994586a79f8ebd3681a) Importer(815301076,1909f56bfc062723c751e8b465ee728b)  -> (artifact id: 'd67118576f6f48626203fee6492a8933') in 0.024171 seconds 
========================================================================
Received Import Request.
  Time since last request: 0.000045 seconds.
  path: Assets/Stones_and_buried_treasure/Prefabs/Stone_4.prefab
  artifactKey: Guid(a9be5f8d69d77f346a425712248b814c) Importer(815301076,1909f56bfc062723c751e8b465ee728b)
Start importing Assets/Stones_and_buried_treasure/Prefabs/Stone_4.prefab using Guid(a9be5f8d69d77f346a425712248b814c) Importer(815301076,1909f56bfc062723c751e8b465ee728b)  -> (artifact id: '4d1ab7ce58ec4e95bfe517a2e5317d6c') in 0.023902 seconds 
========================================================================
Received Import Request.
  Time since last request: 0.000032 seconds.
  path: Assets/Stones_and_buried_treasure/Prefabs/Сrystal_2.prefab
  artifactKey: Guid(54c295819cbc940479f443cf807656ea) Importer(815301076,1909f56bfc062723c751e8b465ee728b)
Start importing Assets/Stones_and_buried_treasure/Prefabs/Сrystal_2.prefab using Guid(54c295819cbc940479f443cf807656ea) Importer(815301076,1909f56bfc062723c751e8b465ee728b)  -> (artifact id: 'a8f74a79ee30f41c7b776a4e8fed14e9') in 0.031649 seconds 
